d:\theo\boulot\shonen'em all\debug\vc140.pdb
d:\theo\boulot\shonen'em all\debug\vc140.idb
d:\theo\boulot\shonen'em all\debug\menuprincipal.obj
d:\theo\boulot\shonen'em all\debug\rythmnblood.obj
d:\theo\boulot\shonen'em all\debug\virtualscene.obj
d:\theo\boulot\shonen'em all\debug\windowmanager.obj
d:\theo\boulot\shonen'em all\debug\drawablefixed.obj
d:\theo\boulot\shonen'em all\debug\drawablevirtual.obj
d:\theo\boulot\shonen'em all\debug\main.obj
d:\theo\boulot\shonen'em all\debug\bouton.obj
d:\theo\boulot\shonen'em all\debug\bonhomme.obj
d:\theo\boulot\shonen'em all\debug\ennemi.obj
d:\theo\boulot\shonen'em all\debug\player.obj
d:\theo\boulot\shonen'em all\debug\shonen'em all.ilk
d:\theo\boulot\shonen'em all\debug\shonen'em all.exe
d:\theo\boulot\shonen'em all\debug\shonen'em all.pdb
d:\theo\boulot\shonen'em all\debug\shonen'em all.tlog\cl.command.1.tlog
d:\theo\boulot\shonen'em all\debug\shonen'em all.tlog\cl.read.1.tlog
d:\theo\boulot\shonen'em all\debug\shonen'em all.tlog\cl.write.1.tlog
d:\theo\boulot\shonen'em all\debug\shonen'em all.tlog\link.command.1.tlog
d:\theo\boulot\shonen'em all\debug\shonen'em all.tlog\link.read.1.tlog
d:\theo\boulot\shonen'em all\debug\shonen'em all.tlog\link.write.1.tlog
